<?xml version="1.0" encoding="UTF-8"?>
<coverage generated="1715611850482" clover="3.2.0">
  <project timestamp="1715611850482" name="All files">
    <metrics statements="1" coveredstatements="1" conditionals="0" coveredconditionals="0" methods="1" coveredmethods="1" elements="2" coveredelements="2" complexity="0" loc="1" ncloc="1" packages="1" files="1" classes="1"/>
    <file name="gameboard.js" path="/home/marsior/Projekti/BattleShip/src/gameboard.js">
      <metrics statements="1" coveredstatements="1" conditionals="0" coveredconditionals="0" methods="1" coveredmethods="1"/>
      <line num="2" count="1" type="stmt"/>
    </file>
  </project>
</coverage>
