{"/home/marsior/Projekti/BattleShip/src/gameboard.js": {"path":"/home/marsior/Projekti/BattleShip/src/gameboard.js","statementMap":{"0":{"start":{"line":4,"column":16},"end":{"line":4,"column":18}},"1":{"start":{"line":6,"column":2},"end":{"line":15,"column":3}},"2":{"start":{"line":6,"column":17},"end":{"line":6,"column":18}},"3":{"start":{"line":7,"column":21},"end":{"line":7,"column":23}},"4":{"start":{"line":8,"column":4},"end":{"line":13,"column":5}},"5":{"start":{"line":8,"column":19},"end":{"line":8,"column":20}},"6":{"start":{"line":9,"column":19},"end":{"line":11,"column":7}},"7":{"start":{"line":12,"column":6},"end":{"line":12,"column":26}},"8":{"start":{"line":14,"column":4},"end":{"line":14,"column":25}},"9":{"start":{"line":18,"column":2},"end":{"line":86,"column":4}},"10":{"start":{"line":23,"column":24},"end":{"line":23,"column":28}},"11":{"start":{"line":26,"column":6},"end":{"line":26,"column":50}},"12":{"start":{"line":26,"column":27},"end":{"line":26,"column":50}},"13":{"start":{"line":27,"column":6},"end":{"line":31,"column":7}},"14":{"start":{"line":27,"column":19},"end":{"line":27,"column":20}},"15":{"start":{"line":28,"column":8},"end":{"line":30,"column":9}},"16":{"start":{"line":29,"column":10},"end":{"line":29,"column":33}},"17":{"start":{"line":32,"column":6},"end":{"line":32,"column":89}},"18":{"start":{"line":32,"column":70},"end":{"line":32,"column":89}},"19":{"start":{"line":34,"column":19},"end":{"line":34,"column":35}},"20":{"start":{"line":35,"column":6},"end":{"line":35,"column":28}},"21":{"start":{"line":38,"column":6},"end":{"line":41,"column":7}},"22":{"start":{"line":38,"column":19},"end":{"line":38,"column":20}},"23":{"start":{"line":39,"column":8},"end":{"line":39,"column":43}},"24":{"start":{"line":40,"column":8},"end":{"line":40,"column":51}},"25":{"start":{"line":43,"column":6},"end":{"line":43,"column":19}},"26":{"start":{"line":47,"column":24},"end":{"line":47,"column":28}},"27":{"start":{"line":50,"column":6},"end":{"line":50,"column":50}},"28":{"start":{"line":50,"column":27},"end":{"line":50,"column":50}},"29":{"start":{"line":51,"column":6},"end":{"line":55,"column":7}},"30":{"start":{"line":51,"column":19},"end":{"line":51,"column":20}},"31":{"start":{"line":52,"column":8},"end":{"line":54,"column":9}},"32":{"start":{"line":53,"column":10},"end":{"line":53,"column":33}},"33":{"start":{"line":57,"column":19},"end":{"line":57,"column":35}},"34":{"start":{"line":58,"column":6},"end":{"line":58,"column":28}},"35":{"start":{"line":61,"column":6},"end":{"line":64,"column":7}},"36":{"start":{"line":61,"column":19},"end":{"line":61,"column":20}},"37":{"start":{"line":62,"column":8},"end":{"line":62,"column":43}},"38":{"start":{"line":63,"column":8},"end":{"line":63,"column":51}},"39":{"start":{"line":66,"column":6},"end":{"line":66,"column":19}},"40":{"start":{"line":70,"column":24},"end":{"line":70,"column":28}},"41":{"start":{"line":71,"column":19},"end":{"line":71,"column":30}},"42":{"start":{"line":72,"column":6},"end":{"line":72,"column":44}},"43":{"start":{"line":72,"column":23},"end":{"line":72,"column":44}},"44":{"start":{"line":74,"column":6},"end":{"line":74,"column":25}},"45":{"start":{"line":75,"column":6},"end":{"line":78,"column":7}},"46":{"start":{"line":76,"column":8},"end":{"line":76,"column":28}},"47":{"start":{"line":77,"column":8},"end":{"line":77,"column":20}},"48":{"start":{"line":79,"column":6},"end":{"line":79,"column":18}},"49":{"start":{"line":83,"column":6},"end":{"line":83,"column":57}},"50":{"start":{"line":83,"column":40},"end":{"line":83,"column":55}}},"fnMap":{"0":{"name":"Gameboard","decl":{"start":{"line":3,"column":24},"end":{"line":3,"column":33}},"loc":{"start":{"line":3,"column":46},"end":{"line":87,"column":1}},"line":3},"1":{"name":"(anonymous_1)","decl":{"start":{"line":22,"column":4},"end":{"line":22,"column":5}},"loc":{"start":{"line":22,"column":38},"end":{"line":44,"column":5}},"line":22},"2":{"name":"(anonymous_2)","decl":{"start":{"line":46,"column":4},"end":{"line":46,"column":5}},"loc":{"start":{"line":46,"column":40},"end":{"line":67,"column":5}},"line":46},"3":{"name":"(anonymous_3)","decl":{"start":{"line":69,"column":4},"end":{"line":69,"column":5}},"loc":{"start":{"line":69,"column":24},"end":{"line":80,"column":5}},"line":69},"4":{"name":"(anonymous_4)","decl":{"start":{"line":82,"column":4},"end":{"line":82,"column":5}},"loc":{"start":{"line":82,"column":16},"end":{"line":84,"column":5}},"line":82},"5":{"name":"(anonymous_5)","decl":{"start":{"line":83,"column":30},"end":{"line":83,"column":31}},"loc":{"start":{"line":83,"column":40},"end":{"line":83,"column":55}},"line":83}},"branchMap":{"0":{"loc":{"start":{"line":3,"column":34},"end":{"line":3,"column":44}},"type":"default-arg","locations":[{"start":{"line":3,"column":42},"end":{"line":3,"column":44}}],"line":3},"1":{"loc":{"start":{"line":26,"column":6},"end":{"line":26,"column":50}},"type":"if","locations":[{"start":{"line":26,"column":6},"end":{"line":26,"column":50}},{"start":{},"end":{}}],"line":26},"2":{"loc":{"start":{"line":28,"column":8},"end":{"line":30,"column":9}},"type":"if","locations":[{"start":{"line":28,"column":8},"end":{"line":30,"column":9}},{"start":{},"end":{}}],"line":28},"3":{"loc":{"start":{"line":32,"column":6},"end":{"line":32,"column":89}},"type":"if","locations":[{"start":{"line":32,"column":6},"end":{"line":32,"column":89}},{"start":{},"end":{}}],"line":32},"4":{"loc":{"start":{"line":32,"column":10},"end":{"line":32,"column":68}},"type":"binary-expr","locations":[{"start":{"line":32,"column":10},"end":{"line":32,"column":37}},{"start":{"line":32,"column":41},"end":{"line":32,"column":68}}],"line":32},"5":{"loc":{"start":{"line":50,"column":6},"end":{"line":50,"column":50}},"type":"if","locations":[{"start":{"line":50,"column":6},"end":{"line":50,"column":50}},{"start":{},"end":{}}],"line":50},"6":{"loc":{"start":{"line":52,"column":8},"end":{"line":54,"column":9}},"type":"if","locations":[{"start":{"line":52,"column":8},"end":{"line":54,"column":9}},{"start":{},"end":{}}],"line":52},"7":{"loc":{"start":{"line":72,"column":6},"end":{"line":72,"column":44}},"type":"if","locations":[{"start":{"line":72,"column":6},"end":{"line":72,"column":44}},{"start":{},"end":{}}],"line":72},"8":{"loc":{"start":{"line":75,"column":6},"end":{"line":78,"column":7}},"type":"if","locations":[{"start":{"line":75,"column":6},"end":{"line":78,"column":7}},{"start":{},"end":{}}],"line":75}},"s":{"0":1,"1":1,"2":1,"3":10,"4":10,"5":10,"6":100,"7":100,"8":10,"9":1,"10":0,"11":0,"12":0,"13":0,"14":0,"15":0,"16":0,"17":0,"18":0,"19":0,"20":0,"21":0,"22":0,"23":0,"24":0,"25":0,"26":1,"27":1,"28":0,"29":1,"30":1,"31":3,"32":0,"33":1,"34":1,"35":1,"36":1,"37":3,"38":3,"39":1,"40":0,"41":0,"42":0,"43":0,"44":0,"45":0,"46":0,"47":0,"48":0,"49":0,"50":0},"f":{"0":1,"1":0,"2":1,"3":0,"4":0,"5":0},"b":{"0":[1],"1":[0,0],"2":[0,0],"3":[0,0],"4":[0,0],"5":[0,1],"6":[0,3],"7":[0,0],"8":[0,0]},"_coverageSchema":"1a1c01bbd47fc00a2c39e90264f33305004495a9","hash":"11ea49161c7d8acb92908723fd9c7fda70ca4234"}
,"/home/marsior/Projekti/BattleShip/src/ship.js": {"path":"/home/marsior/Projekti/BattleShip/src/ship.js","statementMap":{"0":{"start":{"line":2,"column":20},"end":{"line":2,"column":22}},"1":{"start":{"line":3,"column":2},"end":{"line":6,"column":3}},"2":{"start":{"line":3,"column":15},"end":{"line":3,"column":16}},"3":{"start":{"line":4,"column":20},"end":{"line":4,"column":30}},"4":{"start":{"line":5,"column":4},"end":{"line":5,"column":28}},"5":{"start":{"line":8,"column":2},"end":{"line":21,"column":4}},"6":{"start":{"line":14,"column":27},"end":{"line":14,"column":70}},"7":{"start":{"line":14,"column":58},"end":{"line":14,"column":69}},"8":{"start":{"line":15,"column":6},"end":{"line":18,"column":7}},"9":{"start":{"line":16,"column":8},"end":{"line":16,"column":27}},"10":{"start":{"line":17,"column":8},"end":{"line":17,"column":20}},"11":{"start":{"line":19,"column":6},"end":{"line":19,"column":19}},"12":{"start":{"line":25,"column":2},"end":{"line":37,"column":4}},"13":{"start":{"line":30,"column":6},"end":{"line":34,"column":7}},"14":{"start":{"line":31,"column":8},"end":{"line":31,"column":24}},"15":{"start":{"line":32,"column":8},"end":{"line":32,"column":27}},"16":{"start":{"line":33,"column":8},"end":{"line":33,"column":21}},"17":{"start":{"line":35,"column":6},"end":{"line":35,"column":28}}},"fnMap":{"0":{"name":"Ship","decl":{"start":{"line":1,"column":24},"end":{"line":1,"column":28}},"loc":{"start":{"line":1,"column":37},"end":{"line":22,"column":1}},"line":1},"1":{"name":"(anonymous_1)","decl":{"start":{"line":12,"column":4},"end":{"line":12,"column":5}},"loc":{"start":{"line":12,"column":15},"end":{"line":20,"column":5}},"line":12},"2":{"name":"(anonymous_2)","decl":{"start":{"line":14,"column":48},"end":{"line":14,"column":49}},"loc":{"start":{"line":14,"column":58},"end":{"line":14,"column":69}},"line":14},"3":{"name":"ShipPart","decl":{"start":{"line":24,"column":16},"end":{"line":24,"column":24}},"loc":{"start":{"line":24,"column":27},"end":{"line":38,"column":1}},"line":24},"4":{"name":"(anonymous_4)","decl":{"start":{"line":29,"column":4},"end":{"line":29,"column":5}},"loc":{"start":{"line":29,"column":12},"end":{"line":36,"column":5}},"line":29}},"branchMap":{"0":{"loc":{"start":{"line":15,"column":6},"end":{"line":18,"column":7}},"type":"if","locations":[{"start":{"line":15,"column":6},"end":{"line":18,"column":7}},{"start":{},"end":{}}],"line":15},"1":{"loc":{"start":{"line":30,"column":6},"end":{"line":34,"column":7}},"type":"if","locations":[{"start":{"line":30,"column":6},"end":{"line":34,"column":7}},{"start":{},"end":{}}],"line":30}},"s":{"0":1,"1":1,"2":1,"3":3,"4":3,"5":1,"6":0,"7":0,"8":0,"9":0,"10":0,"11":0,"12":3,"13":0,"14":0,"15":0,"16":0,"17":0},"f":{"0":1,"1":0,"2":0,"3":3,"4":0},"b":{"0":[0,0],"1":[0,0]},"_coverageSchema":"1a1c01bbd47fc00a2c39e90264f33305004495a9","hash":"8e9ef152e6a24ce5dff4bf1b0a821acfa74d3e1f"}
}
