{"/home/marsior/Projekti/BattleShip/src/gameboard.js": {"path":"/home/marsior/Projekti/BattleShip/src/gameboard.js","statementMap":{"0":{"start":{"line":4,"column":16},"end":{"line":4,"column":18}},"1":{"start":{"line":6,"column":2},"end":{"line":15,"column":3}},"2":{"start":{"line":6,"column":17},"end":{"line":6,"column":18}},"3":{"start":{"line":7,"column":21},"end":{"line":7,"column":23}},"4":{"start":{"line":8,"column":4},"end":{"line":13,"column":5}},"5":{"start":{"line":8,"column":19},"end":{"line":8,"column":20}},"6":{"start":{"line":9,"column":19},"end":{"line":11,"column":7}},"7":{"start":{"line":12,"column":6},"end":{"line":12,"column":26}},"8":{"start":{"line":14,"column":4},"end":{"line":14,"column":25}},"9":{"start":{"line":18,"column":2},"end":{"line":164,"column":4}},"10":{"start":{"line":23,"column":24},"end":{"line":23,"column":28}},"11":{"start":{"line":26,"column":6},"end":{"line":26,"column":50}},"12":{"start":{"line":26,"column":27},"end":{"line":26,"column":50}},"13":{"start":{"line":28,"column":6},"end":{"line":39,"column":7}},"14":{"start":{"line":28,"column":19},"end":{"line":28,"column":20}},"15":{"start":{"line":29,"column":8},"end":{"line":38,"column":9}},"16":{"start":{"line":37,"column":10},"end":{"line":37,"column":29}},"17":{"start":{"line":41,"column":6},"end":{"line":52,"column":7}},"18":{"start":{"line":51,"column":8},"end":{"line":51,"column":27}},"19":{"start":{"line":53,"column":19},"end":{"line":53,"column":35}},"20":{"start":{"line":54,"column":6},"end":{"line":54,"column":28}},"21":{"start":{"line":57,"column":6},"end":{"line":68,"column":7}},"22":{"start":{"line":57,"column":19},"end":{"line":57,"column":20}},"23":{"start":{"line":58,"column":8},"end":{"line":58,"column":43}},"24":{"start":{"line":59,"column":8},"end":{"line":59,"column":51}},"25":{"start":{"line":61,"column":8},"end":{"line":63,"column":9}},"26":{"start":{"line":62,"column":10},"end":{"line":62,"column":46}},"27":{"start":{"line":65,"column":8},"end":{"line":67,"column":9}},"28":{"start":{"line":66,"column":10},"end":{"line":66,"column":46}},"29":{"start":{"line":71,"column":6},"end":{"line":75,"column":7}},"30":{"start":{"line":72,"column":8},"end":{"line":72,"column":40}},"31":{"start":{"line":73,"column":8},"end":{"line":73,"column":55}},"32":{"start":{"line":73,"column":19},"end":{"line":73,"column":55}},"33":{"start":{"line":74,"column":8},"end":{"line":74,"column":55}},"34":{"start":{"line":74,"column":19},"end":{"line":74,"column":55}},"35":{"start":{"line":76,"column":6},"end":{"line":80,"column":7}},"36":{"start":{"line":77,"column":8},"end":{"line":77,"column":45}},"37":{"start":{"line":78,"column":8},"end":{"line":78,"column":60}},"38":{"start":{"line":78,"column":19},"end":{"line":78,"column":60}},"39":{"start":{"line":79,"column":8},"end":{"line":79,"column":60}},"40":{"start":{"line":79,"column":19},"end":{"line":79,"column":60}},"41":{"start":{"line":82,"column":6},"end":{"line":82,"column":19}},"42":{"start":{"line":86,"column":24},"end":{"line":86,"column":28}},"43":{"start":{"line":89,"column":6},"end":{"line":89,"column":50}},"44":{"start":{"line":89,"column":27},"end":{"line":89,"column":50}},"45":{"start":{"line":92,"column":6},"end":{"line":103,"column":7}},"46":{"start":{"line":92,"column":19},"end":{"line":92,"column":20}},"47":{"start":{"line":93,"column":8},"end":{"line":102,"column":9}},"48":{"start":{"line":101,"column":10},"end":{"line":101,"column":29}},"49":{"start":{"line":106,"column":6},"end":{"line":117,"column":7}},"50":{"start":{"line":116,"column":8},"end":{"line":116,"column":27}},"51":{"start":{"line":118,"column":19},"end":{"line":118,"column":35}},"52":{"start":{"line":119,"column":6},"end":{"line":119,"column":28}},"53":{"start":{"line":122,"column":6},"end":{"line":132,"column":7}},"54":{"start":{"line":122,"column":19},"end":{"line":122,"column":20}},"55":{"start":{"line":123,"column":8},"end":{"line":123,"column":43}},"56":{"start":{"line":124,"column":8},"end":{"line":124,"column":51}},"57":{"start":{"line":126,"column":8},"end":{"line":128,"column":9}},"58":{"start":{"line":127,"column":10},"end":{"line":127,"column":46}},"59":{"start":{"line":129,"column":8},"end":{"line":131,"column":9}},"60":{"start":{"line":130,"column":10},"end":{"line":130,"column":46}},"61":{"start":{"line":134,"column":6},"end":{"line":138,"column":7}},"62":{"start":{"line":135,"column":8},"end":{"line":135,"column":40}},"63":{"start":{"line":136,"column":8},"end":{"line":136,"column":55}},"64":{"start":{"line":136,"column":19},"end":{"line":136,"column":55}},"65":{"start":{"line":137,"column":8},"end":{"line":137,"column":55}},"66":{"start":{"line":137,"column":19},"end":{"line":137,"column":55}},"67":{"start":{"line":139,"column":6},"end":{"line":143,"column":7}},"68":{"start":{"line":140,"column":8},"end":{"line":140,"column":45}},"69":{"start":{"line":141,"column":8},"end":{"line":141,"column":60}},"70":{"start":{"line":141,"column":19},"end":{"line":141,"column":60}},"71":{"start":{"line":142,"column":8},"end":{"line":142,"column":60}},"72":{"start":{"line":142,"column":19},"end":{"line":142,"column":60}},"73":{"start":{"line":144,"column":6},"end":{"line":144,"column":19}},"74":{"start":{"line":148,"column":24},"end":{"line":148,"column":28}},"75":{"start":{"line":149,"column":19},"end":{"line":149,"column":30}},"76":{"start":{"line":150,"column":6},"end":{"line":150,"column":44}},"77":{"start":{"line":150,"column":23},"end":{"line":150,"column":44}},"78":{"start":{"line":152,"column":6},"end":{"line":152,"column":25}},"79":{"start":{"line":153,"column":6},"end":{"line":156,"column":7}},"80":{"start":{"line":154,"column":8},"end":{"line":154,"column":28}},"81":{"start":{"line":155,"column":8},"end":{"line":155,"column":20}},"82":{"start":{"line":157,"column":6},"end":{"line":157,"column":18}},"83":{"start":{"line":161,"column":6},"end":{"line":161,"column":57}},"84":{"start":{"line":161,"column":40},"end":{"line":161,"column":55}}},"fnMap":{"0":{"name":"Gameboard","decl":{"start":{"line":3,"column":24},"end":{"line":3,"column":33}},"loc":{"start":{"line":3,"column":46},"end":{"line":165,"column":1}},"line":3},"1":{"name":"(anonymous_1)","decl":{"start":{"line":22,"column":4},"end":{"line":22,"column":5}},"loc":{"start":{"line":22,"column":38},"end":{"line":83,"column":5}},"line":22},"2":{"name":"(anonymous_2)","decl":{"start":{"line":85,"column":4},"end":{"line":85,"column":5}},"loc":{"start":{"line":85,"column":40},"end":{"line":145,"column":5}},"line":85},"3":{"name":"(anonymous_3)","decl":{"start":{"line":147,"column":4},"end":{"line":147,"column":5}},"loc":{"start":{"line":147,"column":24},"end":{"line":158,"column":5}},"line":147},"4":{"name":"(anonymous_4)","decl":{"start":{"line":160,"column":4},"end":{"line":160,"column":5}},"loc":{"start":{"line":160,"column":16},"end":{"line":162,"column":5}},"line":160},"5":{"name":"(anonymous_5)","decl":{"start":{"line":161,"column":30},"end":{"line":161,"column":31}},"loc":{"start":{"line":161,"column":40},"end":{"line":161,"column":55}},"line":161}},"branchMap":{"0":{"loc":{"start":{"line":3,"column":34},"end":{"line":3,"column":44}},"type":"default-arg","locations":[{"start":{"line":3,"column":42},"end":{"line":3,"column":44}}],"line":3},"1":{"loc":{"start":{"line":26,"column":6},"end":{"line":26,"column":50}},"type":"if","locations":[{"start":{"line":26,"column":6},"end":{"line":26,"column":50}},{"start":{},"end":{}}],"line":26},"2":{"loc":{"start":{"line":29,"column":8},"end":{"line":38,"column":9}},"type":"if","locations":[{"start":{"line":29,"column":8},"end":{"line":38,"column":9}},{"start":{},"end":{}}],"line":29},"3":{"loc":{"start":{"line":30,"column":10},"end":{"line":35,"column":48}},"type":"binary-expr","locations":[{"start":{"line":30,"column":10},"end":{"line":30,"column":37}},{"start":{"line":31,"column":10},"end":{"line":31,"column":15}},{"start":{"line":31,"column":19},"end":{"line":31,"column":50}},{"start":{"line":32,"column":10},"end":{"line":32,"column":15}},{"start":{"line":32,"column":19},"end":{"line":32,"column":50}},{"start":{"line":33,"column":9},"end":{"line":33,"column":33}},{"start":{"line":34,"column":10},"end":{"line":34,"column":15}},{"start":{"line":34,"column":19},"end":{"line":34,"column":47}},{"start":{"line":35,"column":10},"end":{"line":35,"column":15}},{"start":{"line":35,"column":19},"end":{"line":35,"column":47}}],"line":30},"4":{"loc":{"start":{"line":41,"column":6},"end":{"line":52,"column":7}},"type":"if","locations":[{"start":{"line":41,"column":6},"end":{"line":52,"column":7}},{"start":{},"end":{}}],"line":41},"5":{"loc":{"start":{"line":42,"column":8},"end":{"line":49,"column":46}},"type":"binary-expr","locations":[{"start":{"line":42,"column":9},"end":{"line":42,"column":14}},{"start":{"line":42,"column":19},"end":{"line":42,"column":46}},{"start":{"line":42,"column":50},"end":{"line":42,"column":74}},{"start":{"line":43,"column":12},"end":{"line":43,"column":27}},{"start":{"line":43,"column":32},"end":{"line":43,"column":64}},{"start":{"line":43,"column":68},"end":{"line":43,"column":97}},{"start":{"line":44,"column":12},"end":{"line":44,"column":17}},{"start":{"line":44,"column":21},"end":{"line":44,"column":26}},{"start":{"line":44,"column":31},"end":{"line":44,"column":62}},{"start":{"line":44,"column":66},"end":{"line":44,"column":94}},{"start":{"line":45,"column":12},"end":{"line":45,"column":17}},{"start":{"line":45,"column":21},"end":{"line":45,"column":26}},{"start":{"line":45,"column":31},"end":{"line":45,"column":62}},{"start":{"line":45,"column":66},"end":{"line":45,"column":94}},{"start":{"line":46,"column":12},"end":{"line":46,"column":27}},{"start":{"line":46,"column":31},"end":{"line":46,"column":36}},{"start":{"line":46,"column":41},"end":{"line":46,"column":77}},{"start":{"line":47,"column":11},"end":{"line":47,"column":44}},{"start":{"line":48,"column":12},"end":{"line":48,"column":27}},{"start":{"line":48,"column":31},"end":{"line":48,"column":36}},{"start":{"line":48,"column":41},"end":{"line":48,"column":77}},{"start":{"line":49,"column":11},"end":{"line":49,"column":44}}],"line":42},"6":{"loc":{"start":{"line":61,"column":8},"end":{"line":63,"column":9}},"type":"if","locations":[{"start":{"line":61,"column":8},"end":{"line":63,"column":9}},{"start":{},"end":{}}],"line":61},"7":{"loc":{"start":{"line":65,"column":8},"end":{"line":67,"column":9}},"type":"if","locations":[{"start":{"line":65,"column":8},"end":{"line":67,"column":9}},{"start":{},"end":{}}],"line":65},"8":{"loc":{"start":{"line":71,"column":6},"end":{"line":75,"column":7}},"type":"if","locations":[{"start":{"line":71,"column":6},"end":{"line":75,"column":7}},{"start":{},"end":{}}],"line":71},"9":{"loc":{"start":{"line":73,"column":8},"end":{"line":73,"column":55}},"type":"if","locations":[{"start":{"line":73,"column":8},"end":{"line":73,"column":55}},{"start":{},"end":{}}],"line":73},"10":{"loc":{"start":{"line":74,"column":8},"end":{"line":74,"column":55}},"type":"if","locations":[{"start":{"line":74,"column":8},"end":{"line":74,"column":55}},{"start":{},"end":{}}],"line":74},"11":{"loc":{"start":{"line":76,"column":6},"end":{"line":80,"column":7}},"type":"if","locations":[{"start":{"line":76,"column":6},"end":{"line":80,"column":7}},{"start":{},"end":{}}],"line":76},"12":{"loc":{"start":{"line":78,"column":8},"end":{"line":78,"column":60}},"type":"if","locations":[{"start":{"line":78,"column":8},"end":{"line":78,"column":60}},{"start":{},"end":{}}],"line":78},"13":{"loc":{"start":{"line":79,"column":8},"end":{"line":79,"column":60}},"type":"if","locations":[{"start":{"line":79,"column":8},"end":{"line":79,"column":60}},{"start":{},"end":{}}],"line":79},"14":{"loc":{"start":{"line":89,"column":6},"end":{"line":89,"column":50}},"type":"if","locations":[{"start":{"line":89,"column":6},"end":{"line":89,"column":50}},{"start":{},"end":{}}],"line":89},"15":{"loc":{"start":{"line":93,"column":8},"end":{"line":102,"column":9}},"type":"if","locations":[{"start":{"line":93,"column":8},"end":{"line":102,"column":9}},{"start":{},"end":{}}],"line":93},"16":{"loc":{"start":{"line":94,"column":10},"end":{"line":99,"column":48}},"type":"binary-expr","locations":[{"start":{"line":94,"column":10},"end":{"line":94,"column":37}},{"start":{"line":95,"column":10},"end":{"line":95,"column":15}},{"start":{"line":95,"column":19},"end":{"line":95,"column":50}},{"start":{"line":96,"column":10},"end":{"line":96,"column":15}},{"start":{"line":96,"column":19},"end":{"line":96,"column":50}},{"start":{"line":97,"column":9},"end":{"line":97,"column":33}},{"start":{"line":98,"column":10},"end":{"line":98,"column":15}},{"start":{"line":98,"column":19},"end":{"line":98,"column":47}},{"start":{"line":99,"column":10},"end":{"line":99,"column":15}},{"start":{"line":99,"column":19},"end":{"line":99,"column":47}}],"line":94},"17":{"loc":{"start":{"line":106,"column":6},"end":{"line":117,"column":7}},"type":"if","locations":[{"start":{"line":106,"column":6},"end":{"line":117,"column":7}},{"start":{},"end":{}}],"line":106},"18":{"loc":{"start":{"line":107,"column":8},"end":{"line":114,"column":44}},"type":"binary-expr","locations":[{"start":{"line":107,"column":9},"end":{"line":107,"column":14}},{"start":{"line":107,"column":19},"end":{"line":107,"column":46}},{"start":{"line":107,"column":50},"end":{"line":107,"column":74}},{"start":{"line":108,"column":10},"end":{"line":108,"column":25}},{"start":{"line":108,"column":30},"end":{"line":108,"column":62}},{"start":{"line":108,"column":66},"end":{"line":108,"column":95}},{"start":{"line":109,"column":10},"end":{"line":109,"column":15}},{"start":{"line":109,"column":19},"end":{"line":109,"column":24}},{"start":{"line":109,"column":29},"end":{"line":109,"column":60}},{"start":{"line":109,"column":64},"end":{"line":109,"column":92}},{"start":{"line":110,"column":10},"end":{"line":110,"column":15}},{"start":{"line":110,"column":19},"end":{"line":110,"column":24}},{"start":{"line":110,"column":29},"end":{"line":110,"column":60}},{"start":{"line":110,"column":64},"end":{"line":110,"column":92}},{"start":{"line":111,"column":10},"end":{"line":111,"column":25}},{"start":{"line":111,"column":29},"end":{"line":111,"column":34}},{"start":{"line":111,"column":39},"end":{"line":111,"column":75}},{"start":{"line":112,"column":9},"end":{"line":112,"column":42}},{"start":{"line":113,"column":10},"end":{"line":113,"column":25}},{"start":{"line":113,"column":29},"end":{"line":113,"column":34}},{"start":{"line":113,"column":39},"end":{"line":113,"column":75}},{"start":{"line":114,"column":9},"end":{"line":114,"column":42}}],"line":107},"19":{"loc":{"start":{"line":126,"column":8},"end":{"line":128,"column":9}},"type":"if","locations":[{"start":{"line":126,"column":8},"end":{"line":128,"column":9}},{"start":{},"end":{}}],"line":126},"20":{"loc":{"start":{"line":129,"column":8},"end":{"line":131,"column":9}},"type":"if","locations":[{"start":{"line":129,"column":8},"end":{"line":131,"column":9}},{"start":{},"end":{}}],"line":129},"21":{"loc":{"start":{"line":134,"column":6},"end":{"line":138,"column":7}},"type":"if","locations":[{"start":{"line":134,"column":6},"end":{"line":138,"column":7}},{"start":{},"end":{}}],"line":134},"22":{"loc":{"start":{"line":136,"column":8},"end":{"line":136,"column":55}},"type":"if","locations":[{"start":{"line":136,"column":8},"end":{"line":136,"column":55}},{"start":{},"end":{}}],"line":136},"23":{"loc":{"start":{"line":137,"column":8},"end":{"line":137,"column":55}},"type":"if","locations":[{"start":{"line":137,"column":8},"end":{"line":137,"column":55}},{"start":{},"end":{}}],"line":137},"24":{"loc":{"start":{"line":139,"column":6},"end":{"line":143,"column":7}},"type":"if","locations":[{"start":{"line":139,"column":6},"end":{"line":143,"column":7}},{"start":{},"end":{}}],"line":139},"25":{"loc":{"start":{"line":141,"column":8},"end":{"line":141,"column":60}},"type":"if","locations":[{"start":{"line":141,"column":8},"end":{"line":141,"column":60}},{"start":{},"end":{}}],"line":141},"26":{"loc":{"start":{"line":142,"column":8},"end":{"line":142,"column":60}},"type":"if","locations":[{"start":{"line":142,"column":8},"end":{"line":142,"column":60}},{"start":{},"end":{}}],"line":142},"27":{"loc":{"start":{"line":150,"column":6},"end":{"line":150,"column":44}},"type":"if","locations":[{"start":{"line":150,"column":6},"end":{"line":150,"column":44}},{"start":{},"end":{}}],"line":150},"28":{"loc":{"start":{"line":153,"column":6},"end":{"line":156,"column":7}},"type":"if","locations":[{"start":{"line":153,"column":6},"end":{"line":156,"column":7}},{"start":{},"end":{}}],"line":153}},"s":{"0":1,"1":1,"2":1,"3":10,"4":10,"5":10,"6":100,"7":100,"8":10,"9":1,"10":3,"11":3,"12":0,"13":3,"14":3,"15":10,"16":1,"17":2,"18":1,"19":1,"20":1,"21":1,"22":1,"23":3,"24":3,"25":3,"26":3,"27":3,"28":3,"29":1,"30":1,"31":1,"32":1,"33":1,"34":1,"35":1,"36":1,"37":1,"38":1,"39":1,"40":1,"41":1,"42":1,"43":1,"44":0,"45":1,"46":1,"47":2,"48":0,"49":1,"50":1,"51":0,"52":0,"53":0,"54":0,"55":0,"56":0,"57":0,"58":0,"59":0,"60":0,"61":0,"62":0,"63":0,"64":0,"65":0,"66":0,"67":0,"68":0,"69":0,"70":0,"71":0,"72":0,"73":0,"74":0,"75":0,"76":0,"77":0,"78":0,"79":0,"80":0,"81":0,"82":0,"83":0,"84":0},"f":{"0":1,"1":3,"2":1,"3":0,"4":0,"5":0},"b":{"0":[1],"1":[0,3],"2":[1,9],"3":[10,10,10,10,10,10,10,10,9,9],"4":[1,1],"5":[2,2,2,2,2,2,1,1,1,1,1,1,1,1,1,1,1,1,1,1,1,1],"6":[3,0],"7":[3,0],"8":[1,0],"9":[1,0],"10":[1,0],"11":[1,0],"12":[1,0],"13":[1,0],"14":[0,1],"15":[0,2],"16":[2,2,2,2,2,2,2,2,2,2],"17":[1,0],"18":[1,1,1,1,1,1,0,0,0,0,0,0,0,0,0,0,0,0,0,0,0,0],"19":[0,0],"20":[0,0],"21":[0,0],"22":[0,0],"23":[0,0],"24":[0,0],"25":[0,0],"26":[0,0],"27":[0,0],"28":[0,0]},"_coverageSchema":"1a1c01bbd47fc00a2c39e90264f33305004495a9","hash":"abd57365db7fe6bce24556dfdbe9e5e6ce43a6e1"}
,"/home/marsior/Projekti/BattleShip/src/ship.js": {"path":"/home/marsior/Projekti/BattleShip/src/ship.js","statementMap":{"0":{"start":{"line":2,"column":20},"end":{"line":2,"column":22}},"1":{"start":{"line":3,"column":2},"end":{"line":6,"column":3}},"2":{"start":{"line":3,"column":15},"end":{"line":3,"column":16}},"3":{"start":{"line":4,"column":20},"end":{"line":4,"column":30}},"4":{"start":{"line":5,"column":4},"end":{"line":5,"column":28}},"5":{"start":{"line":8,"column":2},"end":{"line":21,"column":4}},"6":{"start":{"line":14,"column":27},"end":{"line":14,"column":70}},"7":{"start":{"line":14,"column":58},"end":{"line":14,"column":69}},"8":{"start":{"line":15,"column":6},"end":{"line":18,"column":7}},"9":{"start":{"line":16,"column":8},"end":{"line":16,"column":27}},"10":{"start":{"line":17,"column":8},"end":{"line":17,"column":20}},"11":{"start":{"line":19,"column":6},"end":{"line":19,"column":19}},"12":{"start":{"line":25,"column":2},"end":{"line":37,"column":4}},"13":{"start":{"line":30,"column":6},"end":{"line":34,"column":7}},"14":{"start":{"line":31,"column":8},"end":{"line":31,"column":24}},"15":{"start":{"line":32,"column":8},"end":{"line":32,"column":27}},"16":{"start":{"line":33,"column":8},"end":{"line":33,"column":21}},"17":{"start":{"line":35,"column":6},"end":{"line":35,"column":28}}},"fnMap":{"0":{"name":"Ship","decl":{"start":{"line":1,"column":24},"end":{"line":1,"column":28}},"loc":{"start":{"line":1,"column":37},"end":{"line":22,"column":1}},"line":1},"1":{"name":"(anonymous_1)","decl":{"start":{"line":12,"column":4},"end":{"line":12,"column":5}},"loc":{"start":{"line":12,"column":15},"end":{"line":20,"column":5}},"line":12},"2":{"name":"(anonymous_2)","decl":{"start":{"line":14,"column":48},"end":{"line":14,"column":49}},"loc":{"start":{"line":14,"column":58},"end":{"line":14,"column":69}},"line":14},"3":{"name":"ShipPart","decl":{"start":{"line":24,"column":16},"end":{"line":24,"column":24}},"loc":{"start":{"line":24,"column":27},"end":{"line":38,"column":1}},"line":24},"4":{"name":"(anonymous_4)","decl":{"start":{"line":29,"column":4},"end":{"line":29,"column":5}},"loc":{"start":{"line":29,"column":12},"end":{"line":36,"column":5}},"line":29}},"branchMap":{"0":{"loc":{"start":{"line":15,"column":6},"end":{"line":18,"column":7}},"type":"if","locations":[{"start":{"line":15,"column":6},"end":{"line":18,"column":7}},{"start":{},"end":{}}],"line":15},"1":{"loc":{"start":{"line":30,"column":6},"end":{"line":34,"column":7}},"type":"if","locations":[{"start":{"line":30,"column":6},"end":{"line":34,"column":7}},{"start":{},"end":{}}],"line":30}},"s":{"0":1,"1":1,"2":1,"3":3,"4":3,"5":1,"6":0,"7":0,"8":0,"9":0,"10":0,"11":0,"12":3,"13":0,"14":0,"15":0,"16":0,"17":0},"f":{"0":1,"1":0,"2":0,"3":3,"4":0},"b":{"0":[0,0],"1":[0,0]},"_coverageSchema":"1a1c01bbd47fc00a2c39e90264f33305004495a9","hash":"8e9ef152e6a24ce5dff4bf1b0a821acfa74d3e1f"}
}
