TN:
SF:src/gameboard.js
FN:3,Gameboard
FN:22,(anonymous_1)
FN:46,(anonymous_2)
FN:69,(anonymous_3)
FN:82,(anonymous_4)
FN:83,(anonymous_5)
FNF:6
FNH:2
FNDA:1,Gameboard
FNDA:0,(anonymous_1)
FNDA:1,(anonymous_2)
FNDA:0,(anonymous_3)
FNDA:0,(anonymous_4)
FNDA:0,(anonymous_5)
DA:4,1
DA:6,1
DA:7,10
DA:8,10
DA:9,100
DA:12,100
DA:14,10
DA:18,1
DA:23,0
DA:26,0
DA:27,0
DA:28,0
DA:29,0
DA:32,0
DA:34,0
DA:35,0
DA:38,0
DA:39,0
DA:40,0
DA:43,0
DA:47,1
DA:50,1
DA:51,1
DA:52,3
DA:53,0
DA:57,1
DA:58,1
DA:61,1
DA:62,3
DA:63,3
DA:66,1
DA:70,0
DA:71,0
DA:72,0
DA:74,0
DA:75,0
DA:76,0
DA:77,0
DA:79,0
DA:83,0
LF:40
LH:18
BRDA:3,0,0,1
BRDA:26,1,0,0
BRDA:26,1,1,0
BRDA:28,2,0,0
BRDA:28,2,1,0
BRDA:32,3,0,0
BRDA:32,3,1,0
BRDA:32,4,0,0
BRDA:32,4,1,0
BRDA:50,5,0,0
BRDA:50,5,1,1
BRDA:52,6,0,0
BRDA:52,6,1,3
BRDA:72,7,0,0
BRDA:72,7,1,0
BRDA:75,8,0,0
BRDA:75,8,1,0
BRF:17
BRH:3
end_of_record
TN:
SF:src/ship.js
FN:1,Ship
FN:12,(anonymous_1)
FN:14,(anonymous_2)
FN:24,ShipPart
FN:29,(anonymous_4)
FNF:5
FNH:2
FNDA:1,Ship
FNDA:0,(anonymous_1)
FNDA:0,(anonymous_2)
FNDA:3,ShipPart
FNDA:0,(anonymous_4)
DA:2,1
DA:3,1
DA:4,3
DA:5,3
DA:8,1
DA:14,0
DA:15,0
DA:16,0
DA:17,0
DA:19,0
DA:25,3
DA:30,0
DA:31,0
DA:32,0
DA:33,0
DA:35,0
LF:16
LH:6
BRDA:15,0,0,0
BRDA:15,0,1,0
BRDA:30,1,0,0
BRDA:30,1,1,0
BRF:4
BRH:0
end_of_record
