TN:
SF:src/gameboard.js
FN:3,Gameboard
FN:22,(anonymous_1)
FN:85,(anonymous_2)
FN:147,(anonymous_3)
FN:160,(anonymous_4)
FN:161,(anonymous_5)
FNF:6
FNH:3
FNDA:1,Gameboard
FNDA:3,(anonymous_1)
FNDA:1,(anonymous_2)
FNDA:0,(anonymous_3)
FNDA:0,(anonymous_4)
FNDA:0,(anonymous_5)
DA:4,1
DA:6,1
DA:7,10
DA:8,10
DA:9,100
DA:12,100
DA:14,10
DA:18,1
DA:23,3
DA:26,3
DA:28,3
DA:29,10
DA:37,1
DA:41,2
DA:51,1
DA:53,1
DA:54,1
DA:57,1
DA:58,3
DA:59,3
DA:61,3
DA:62,3
DA:65,3
DA:66,3
DA:71,1
DA:72,1
DA:73,1
DA:74,1
DA:76,1
DA:77,1
DA:78,1
DA:79,1
DA:82,1
DA:86,1
DA:89,1
DA:92,1
DA:93,2
DA:101,0
DA:106,1
DA:116,1
DA:118,0
DA:119,0
DA:122,0
DA:123,0
DA:124,0
DA:126,0
DA:127,0
DA:129,0
DA:130,0
DA:134,0
DA:135,0
DA:136,0
DA:137,0
DA:139,0
DA:140,0
DA:141,0
DA:142,0
DA:144,0
DA:148,0
DA:149,0
DA:150,0
DA:152,0
DA:153,0
DA:154,0
DA:155,0
DA:157,0
DA:161,0
LF:67
LH:39
BRDA:3,0,0,1
BRDA:26,1,0,0
BRDA:26,1,1,3
BRDA:29,2,0,1
BRDA:29,2,1,9
BRDA:30,3,0,10
BRDA:30,3,1,10
BRDA:30,3,2,10
BRDA:30,3,3,10
BRDA:30,3,4,10
BRDA:30,3,5,10
BRDA:30,3,6,10
BRDA:30,3,7,10
BRDA:30,3,8,9
BRDA:30,3,9,9
BRDA:41,4,0,1
BRDA:41,4,1,1
BRDA:42,5,0,2
BRDA:42,5,1,2
BRDA:42,5,2,2
BRDA:42,5,3,2
BRDA:42,5,4,2
BRDA:42,5,5,2
BRDA:42,5,6,1
BRDA:42,5,7,1
BRDA:42,5,8,1
BRDA:42,5,9,1
BRDA:42,5,10,1
BRDA:42,5,11,1
BRDA:42,5,12,1
BRDA:42,5,13,1
BRDA:42,5,14,1
BRDA:42,5,15,1
BRDA:42,5,16,1
BRDA:42,5,17,1
BRDA:42,5,18,1
BRDA:42,5,19,1
BRDA:42,5,20,1
BRDA:42,5,21,1
BRDA:61,6,0,3
BRDA:61,6,1,0
BRDA:65,7,0,3
BRDA:65,7,1,0
BRDA:71,8,0,1
BRDA:71,8,1,0
BRDA:73,9,0,1
BRDA:73,9,1,0
BRDA:74,10,0,1
BRDA:74,10,1,0
BRDA:76,11,0,1
BRDA:76,11,1,0
BRDA:78,12,0,1
BRDA:78,12,1,0
BRDA:79,13,0,1
BRDA:79,13,1,0
BRDA:89,14,0,0
BRDA:89,14,1,1
BRDA:93,15,0,0
BRDA:93,15,1,2
BRDA:94,16,0,2
BRDA:94,16,1,2
BRDA:94,16,2,2
BRDA:94,16,3,2
BRDA:94,16,4,2
BRDA:94,16,5,2
BRDA:94,16,6,2
BRDA:94,16,7,2
BRDA:94,16,8,2
BRDA:94,16,9,2
BRDA:106,17,0,1
BRDA:106,17,1,0
BRDA:107,18,0,1
BRDA:107,18,1,1
BRDA:107,18,2,1
BRDA:107,18,3,1
BRDA:107,18,4,1
BRDA:107,18,5,1
BRDA:107,18,6,0
BRDA:107,18,7,0
BRDA:107,18,8,0
BRDA:107,18,9,0
BRDA:107,18,10,0
BRDA:107,18,11,0
BRDA:107,18,12,0
BRDA:107,18,13,0
BRDA:107,18,14,0
BRDA:107,18,15,0
BRDA:107,18,16,0
BRDA:107,18,17,0
BRDA:107,18,18,0
BRDA:107,18,19,0
BRDA:107,18,20,0
BRDA:107,18,21,0
BRDA:126,19,0,0
BRDA:126,19,1,0
BRDA:129,20,0,0
BRDA:129,20,1,0
BRDA:134,21,0,0
BRDA:134,21,1,0
BRDA:136,22,0,0
BRDA:136,22,1,0
BRDA:137,23,0,0
BRDA:137,23,1,0
BRDA:139,24,0,0
BRDA:139,24,1,0
BRDA:141,25,0,0
BRDA:141,25,1,0
BRDA:142,26,0,0
BRDA:142,26,1,0
BRDA:150,27,0,0
BRDA:150,27,1,0
BRDA:153,28,0,0
BRDA:153,28,1,0
BRF:113
BRH:65
end_of_record
TN:
SF:src/ship.js
FN:1,Ship
FN:12,(anonymous_1)
FN:14,(anonymous_2)
FN:24,ShipPart
FN:29,(anonymous_4)
FNF:5
FNH:2
FNDA:1,Ship
FNDA:0,(anonymous_1)
FNDA:0,(anonymous_2)
FNDA:3,ShipPart
FNDA:0,(anonymous_4)
DA:2,1
DA:3,1
DA:4,3
DA:5,3
DA:8,1
DA:14,0
DA:15,0
DA:16,0
DA:17,0
DA:19,0
DA:25,3
DA:30,0
DA:31,0
DA:32,0
DA:33,0
DA:35,0
LF:16
LH:6
BRDA:15,0,0,0
BRDA:15,0,1,0
BRDA:30,1,0,0
BRDA:30,1,1,0
BRF:4
BRH:0
end_of_record
